
            /*EmpleadoModel.get_profile*/
            SELECT DISTINCT e.`emp_no` AS id
            ,e.`first_name` AS nombre
            ,e.`last_name` AS apellidos
            ,e.`gender` AS genero
            ,e.`hire_date` AS fecha_contratacion
            ,e.`birth_date` AS fecha_nacimiento
            ,d.`dept_name` AS departamento        
            ,t.`title` AS cargo
            ,s.`salary` AS salario
            FROM employees e
            LEFT JOIN titles t
            ON e.`emp_no` = t.`emp_no`
            LEFT JOIN salaries s
            ON e.`emp_no` = s.`emp_no`
            -- AND t.`from_date` = s.`from_date`
            INNER JOIN 
            (
                -- los departamentos en caso de ser manager 
                SELECT dept_no,emp_no
                FROM dept_manager
                WHERE emp_no=10975
                    UNION 
                -- los departamentos de empleados
                SELECT dept_no,emp_no
                FROM dept_emp
                WHERE emp_no=10975
            ) AS dept
            ON e.`emp_no` = dept.emp_no
            INNER JOIN departments d
            ON dept.dept_no = d.`dept_no`
            WHERE 1
            AND e.emp_no=10975
            